{
  "0 debug pnpm:scope": {
    "selected": 1
  },
  "1 error pnpm": {
    "errno": 2,
    "code": "ELIFECYCLE",
    "pkgid": "hexo-site@0.0.0",
    "stage": "build",
    "script": "hexo generate",
    "pkgname": "hexo-site",
    "err": {
      "name": "pnpm",
      "message": "hexo-site@0.0.0 build: `hexo generate`\nExit status 2",
      "code": "ELIFECYCLE",
      "stack": "pnpm: hexo-site@0.0.0 build: `hexo generate`\nExit status 2\n    at EventEmitter.<anonymous> (/Users/wujieli/Library/pnpm/global/5/.pnpm/pnpm@7.4.1/node_modules/pnpm/dist/pnpm.cjs:108600:20)\n    at EventEmitter.emit (node:events:520:28)\n    at ChildProcess.<anonymous> (/Users/wujieli/Library/pnpm/global/5/.pnpm/pnpm@7.4.1/node_modules/pnpm/dist/pnpm.cjs:95166:18)\n    at ChildProcess.emit (node:events:520:28)\n    at maybeClose (node:internal/child_process:1092:16)\n    at Process.ChildProcess._handle.onexit (node:internal/child_process:302:5)"
    }
  },
  "2 warn pnpm:global": " Local package.json exists, but node_modules missing, did you mean to install?"
}